<?xml version="1.0" encoding="UTF-8" ?>
<testsuite errors="1" failures="0" hostname="DESKTOP-M4182DS" name="com.mark.scannerTest" skipped="0" tests="1" time="0.252" timestamp="2021-03-08T15:18:47">
  <properties>
    <property name="java.vendor" value="Oracle Corporation" />
    <property name="lib.dir" value="WebContent/WEB-INF/lib" />
    <property name="sun.java.launcher" value="SUN_STANDARD" />
    <property name="eclipse.pdebuild.templates" value="/H:/New_Eclipse/eclipse/plugins/org.eclipse.pde.build_3.9.200.v20160204-0642/templates/" />
    <property name="sun.management.compiler" value="HotSpot 64-Bit Tiered Compilers" />
    <property name="os.name" value="Windows 10" />
    <property name="sun.boot.class.path" value="C:\Program Files\Java\jre1.8.0_101\lib\resources.jar;C:\Program Files\Java\jre1.8.0_101\lib\rt.jar;C:\Program Files\Java\jre1.8.0_101\lib\sunrsasign.jar;C:\Program Files\Java\jre1.8.0_101\lib\jsse.jar;C:\Program Files\Java\jre1.8.0_101\lib\jce.jar;C:\Program Files\Java\jre1.8.0_101\lib\charsets.jar;C:\Program Files\Java\jre1.8.0_101\lib\jfr.jar;C:\Program Files\Java\jre1.8.0_101\classes" />
    <property name="TODAY" value="March 8 2021" />
    <property name="sun.desktop" value="windows" />
    <property name="java.vm.specification.vendor" value="Oracle Corporation" />
    <property name="ant.home" value="H:\New_Eclipse\eclipse\plugins\org.apache.ant_1.9.6.v201510161327" />
    <property name="java.runtime.version" value="1.8.0_101-b13" />
    <property name="cobertura.dir" value="C:\Tools\cobertura-2.1.1" />
    <property name="user.name" value="Markonda" />
    <property name="build.dir" value="build/classes" />
    <property name="build.datetime" value="2021-03-08.20.48" />
    <property name="covertura.maxmemory" value="512m" />
    <property name="user.language" value="en" />
    <property name="sun.boot.library.path" value="C:\Program Files\Java\jre1.8.0_101\bin" />
    <property name="reports.dir" value="reports" />
    <property name="ant.project.default-target" value="coverage" />
    <property name="ant.project.name" value="AntCobetura" />
    <property name="DSTAMP" value="20210308" />
    <property name="java.version" value="1.8.0_101" />
    <property name="user.timezone" value="" />
    <property name="sun.arch.data.model" value="64" />
    <property name="WebContent.dir" value="WebContent" />
    <property name="java.endorsed.dirs" value="C:\Program Files\Java\jre1.8.0_101\lib\endorsed" />
    <property name="sun.cpu.isalist" value="amd64" />
    <property name="sun.jnu.encoding" value="Cp1256" />
    <property name="file.encoding.pkg" value="sun.io" />
    <property name="file.separator" value="\" />
    <property name="java.specification.name" value="Java Platform API Specification" />
    <property name="java.class.version" value="52.0" />
    <property name="user.country" value="IN" />
    <property name="java.home" value="C:\Program Files\Java\jre1.8.0_101" />
    <property name="dist.dir" value="dist" />
    <property name="java.vm.info" value="mixed mode" />
    <property name="ant.file" value="H:\SCM_Material\Ant_Maven_Projects\AntCobetura\build.xml" />
    <property name="os.version" value="10.0" />
    <property name="path.separator" value=";" />
    <property name="java.vm.version" value="25.101-b13" />
    <property name="user.variant" value="" />
    <property name="ant.library.dir" value="H:\New_Eclipse\eclipse\plugins\org.apache.ant_1.9.6.v201510161327\lib" />
    <property name="java.awt.printerjob" value="sun.awt.windows.WPrinterJob" />
    <property name="sun.io.unicode.encoding" value="UnicodeLittle" />
    <property name="today" value="2021-03-08" />
    <property name="awt.toolkit" value="sun.awt.windows.WToolkit" />
    <property name="user.script" value="" />
    <property name="coverage.report.dir" value="coverage" />
    <property name="eclipse.pdebuild.scripts" value="/H:/New_Eclipse/eclipse/plugins/org.eclipse.pde.build_3.9.200.v20160204-0642/scripts/" />
    <property name="user.home" value="C:\Users\Markonda" />
    <property name="java.specification.vendor" value="Oracle Corporation" />
    <property name="java.library.path" value="C:\Program Files\Java\jre1.8.0_101\bin;C:\Windows\Sun\Java\bin;C:\Windows\system32;C:\Windows;C:/Program Files/Java/jre1.8.0_101/bin/server;C:/Program Files/Java/jre1.8.0_101/bin;C:/Program Files/Java/jre1.8.0_101/lib/amd64;C:\ProgramData\Oracle\Java\javapath;C:\Windows\system32;C:\Windows;C:\Windows\System32\Wbem;C:\Windows\System32\WindowsPowerShell\v1.0\;C:\Windows\System32\OpenSSH\;C:\Program Files\Git\cmd;C:\Users\Markonda\AppData\Local\Microsoft\WindowsApps;C:\Program Files\Java\jdk1.8.0_101\bin;H:\SCM_Material\apache-ant-1.9.9\bin;;H:\New_Eclipse\eclipse;;." />
    <property name="java.vendor.url" value="http://java.oracle.com/" />
    <property name="java.vm.vendor" value="Oracle Corporation" />
    <property name="java.runtime.name" value="Java(TM) SE Runtime Environment" />
    <property name="sun.java.command" value="org.apache.tools.ant.taskdefs.optional.junit.JUnitTestRunner com.mark.scannerTest skipNonTests=false filtertrace=true haltOnError=false haltOnFailure=false formatter=org.apache.tools.ant.taskdefs.optional.junit.SummaryJUnitResultFormatter showoutput=true outputtoformatters=true logfailedtests=true threadid=0 logtestlistenerevents=false formatter=org.apache.tools.ant.taskdefs.optional.junit.XMLJUnitResultFormatter,H:\SCM_Material\Ant_Maven_Projects\AntCobetura\reports\TEST-com.mark.scannerTest.xml crashfile=H:\SCM_Material\Ant_Maven_Projects\AntCobetura\junitvmwatcher8615813065285988383.properties propsfile=H:\SCM_Material\Ant_Maven_Projects\AntCobetura\junit1608220772384918855.properties" />
    <property name="java.class.path" value="H:\SCM_Material\Ant_Maven_Projects\AntCobetura\instrumented;H:\SCM_Material\Ant_Maven_Projects\AntCobetura\build\classes;H:\SCM_Material\Ant_Maven_Projects\AntCobetura\WebContent\WEB-INF\lib\ant-contrib-1.0b3.jar;C:\Tools\cobertura-2.1.1\cobertura-2.1.1-javadoc.jar;C:\Tools\cobertura-2.1.1\cobertura-2.1.1-sources.jar;C:\Tools\cobertura-2.1.1\cobertura-2.1.1.jar;C:\Tools\cobertura-2.1.1\lib\asm-5.0.1.jar;C:\Tools\cobertura-2.1.1\lib\asm-analysis-5.0.1.jar;C:\Tools\cobertura-2.1.1\lib\asm-commons-5.0.1.jar;C:\Tools\cobertura-2.1.1\lib\asm-tree-5.0.1.jar;C:\Tools\cobertura-2.1.1\lib\asm-util-5.0.1.jar;C:\Tools\cobertura-2.1.1\lib\commons-lang3-3.3.2.jar;C:\Tools\cobertura-2.1.1\lib\hamcrest-core-1.3.jar;C:\Tools\cobertura-2.1.1\lib\jaxen-1.1.4.jar;C:\Tools\cobertura-2.1.1\lib\jetty-6.1.14.jar;C:\Tools\cobertura-2.1.1\lib\jetty-util-6.1.14.jar;C:\Tools\cobertura-2.1.1\lib\junit-4.11.jar;C:\Tools\cobertura-2.1.1\lib\logback-classic-1.0.13.jar;C:\Tools\cobertura-2.1.1\lib\logback-core-1.0.13.jar;C:\Tools\cobertura-2.1.1\lib\oro-2.0.8.jar;C:\Tools\cobertura-2.1.1\lib\servlet-api-2.5-6.1.14.jar;C:\Tools\cobertura-2.1.1\lib\slf4j-api-1.7.5.jar;H:\New_Eclipse\eclipse\plugins\org.apache.ant_1.9.6.v201510161327\lib\ant-launcher.jar;H:\New_Eclipse\eclipse\plugins\org.apache.ant_1.9.6.v201510161327\lib\ant.jar;H:\New_Eclipse\eclipse\plugins\org.apache.ant_1.9.6.v201510161327\lib\ant-junit.jar;H:\New_Eclipse\eclipse\plugins\org.apache.ant_1.9.6.v201510161327\lib\ant-junit4.jar" />
    <property name="ant.version" value="Apache Ant(TM) version 1.9.6 compiled on June 29 2015" />
    <property name="coverage.report.html.dir" value="coverage/html" />
    <property name="TSTAMP" value="2048" />
    <property name="htmlreports.dir" value="htmlrepots" />
    <property name="java.vm.specification.name" value="Java Virtual Machine Specification" />
    <property name="java.vm.specification.version" value="1.8" />
    <property name="sun.cpu.endian" value="little" />
    <property name="sun.os.patch.level" value="" />
    <property name="eclipse.pdebuild.home" value="/H:/New_Eclipse/eclipse/plugins/org.eclipse.pde.build_3.9.200.v20160204-0642/./" />
    <property name="java.io.tmpdir" value="C:\Users\Markonda\AppData\Local\Temp\" />
    <property name="java.vendor.url.bug" value="http://bugreport.sun.com/bugreport/" />
    <property name="instrumented.dir" value="instrumented" />
    <property name="java.awt.graphicsenv" value="sun.awt.Win32GraphicsEnvironment" />
    <property name="os.arch" value="amd64" />
    <property name="java.ext.dirs" value="C:\Program Files\Java\jre1.8.0_101\lib\ext;C:\Windows\Sun\Java\lib\ext" />
    <property name="yesterday" value="2021-03-07" />
    <property name="user.dir" value="H:\SCM_Material\Ant_Maven_Projects\AntCobetura" />
    <property name="ant.file.AntCobetura" value="H:\SCM_Material\Ant_Maven_Projects\AntCobetura\build.xml" />
    <property name="line.separator" value="&#xd;&#xa;" />
    <property name="java.vm.name" value="Java HotSpot(TM) 64-Bit Server VM" />
    <property name="basedir" value="H:\SCM_Material\Ant_Maven_Projects\AntCobetura" />
    <property name="ant.java.version" value="1.8" />
    <property name="ant.core.lib" value="H:\New_Eclipse\eclipse\plugins\org.apache.ant_1.9.6.v201510161327\lib\ant.jar" />
    <property name="test.coverage" value="true" />
    <property name="file.encoding" value="Cp1256" />
    <property name="ant.file.type.AntCobetura" value="file" />
    <property name="java.specification.version" value="1.8" />
    <property name="src.dir" value="src" />
    <property name="coverage.report.xml.dir" value="coverage/xml" />
    <property name="ant.project.invoked-targets" value="coverage" />
  </properties>
  <testcase classname="com.mark.scannerTest" name="initializationError" time="0.081">
    <error message="No runnable methods" type="java.lang.Exception">java.lang.Exception: No runnable methods
	at java.lang.reflect.Constructor.newInstance(Unknown Source)
</error>
  </testcase>
  <system-out><![CDATA[]]></system-out>
  <system-err><![CDATA[]]></system-err>
</testsuite>
